<?xml version="1.0" encoding="UTF-8"?>
<!-- Generated by org.testng.reporters.JUnitReportReporter -->
<testsuite hostname="LAPTOP-0V5CLLUB" failures="0" tests="2" name="com.Ecommerce.InstaSnap.ProductTest.VerifyKidsProduct" time="0.002" errors="0" timestamp="2024-11-07T15:56:46 IST" skipped="1">
  <testcase classname="com.Ecommerce.InstaSnap.ProductTest.VerifyKidsProduct" name="createproduct" time="0.002">
    <system-out>
      <![CDATA[kids product created]]>
    </system-out>
  </testcase> <!-- createproduct -->
  <testcase classname="com.Ecommerce.InstaSnap.ProductTest.VerifyKidsProduct" name="updateproduct">
    <skipped/>
  </testcase> <!-- updateproduct -->
  <system-out>
    <![CDATA[electronic product created
kids product created]]>
  </system-out>
</testsuite> <!-- com.Ecommerce.InstaSnap.ProductTest.VerifyKidsProduct -->
