<?xml version="1.0" encoding="UTF-8"?>
<!-- Generated by org.testng.reporters.JUnitReportReporter -->
<testsuite hostname="LAPTOP-0V5CLLUB" failures="0" tests="1" name="Demo.DemoTest" time="10.886" errors="0" timestamp="2024-11-05T16:55:12 IST" skipped="0">
  <testcase classname="Demo.DemoTest" name="verify" time="10.886"/>
  <system-out/>
</testsuite> <!-- Demo.DemoTest -->
