<?xml version="1.0" encoding="UTF-8"?>
<!-- Generated by org.testng.reporters.JUnitReportReporter -->
<testsuite hostname="LAPTOP-0V5CLLUB" failures="0" tests="3" name="com.Ecommerce.InstaSnap.ProductTest.VerifyElectronicProduct" time="0.032" errors="0" timestamp="2024-11-07T16:40:59 IST" skipped="0">
  <testcase classname="com.Ecommerce.InstaSnap.ProductTest.VerifyElectronicProduct" name="createproduct" time="0.025"/>
  <system-out>
    <![CDATA[electronic product created]]>
  </system-out>
  <testcase classname="com.Ecommerce.InstaSnap.ProductTest.VerifyElectronicProduct" name="updateproduct" time="0.002"/>
  <system-out>
    <![CDATA[electronic product updated]]>
  </system-out>
  <testcase classname="com.Ecommerce.InstaSnap.ProductTest.VerifyElectronicProduct" name="updateproduct" time="0.005"/>
  <system-out>
    <![CDATA[electronic product updated]]>
  </system-out>
</testsuite> <!-- com.Ecommerce.InstaSnap.ProductTest.VerifyElectronicProduct -->
